<?xml version="1.0" encoding="UTF-8"?>
<testsuite xmlns:xsi="http://www.w3.org/2001/XMLSchema-instance" xsi:noNamespaceSchemaLocation="https://maven.apache.org/surefire/maven-surefire-plugin/xsd/surefire-test-report.xsd" name="conduitApp.ConduitTest" time="4.492" tests="2" errors="0" skipped="0" failures="0">
  <properties>
    <property name="java.specification.version" value="15"/>
    <property name="sun.jnu.encoding" value="UTF-8"/>
    <property name="java.class.path" value="/Users/sunkumar13/Documents/KarateGit/Udemy/KaratePOCProject/target/test-classes:/Users/sunkumar13/Documents/KarateGit/Udemy/KaratePOCProject/target/classes:/Users/sunkumar13/.m2/repository/com/intuit/karate/karate-junit5/1.0.1/karate-junit5-1.0.1.jar:/Users/sunkumar13/.m2/repository/com/intuit/karate/karate-core/1.0.1/karate-core-1.0.1.jar:/Users/sunkumar13/.m2/repository/org/graalvm/js/js-scriptengine/21.0.0/js-scriptengine-21.0.0.jar:/Users/sunkumar13/.m2/repository/org/graalvm/sdk/graal-sdk/21.0.0/graal-sdk-21.0.0.jar:/Users/sunkumar13/.m2/repository/org/graalvm/js/js/21.0.0/js-21.0.0.jar:/Users/sunkumar13/.m2/repository/org/graalvm/regex/regex/21.0.0/regex-21.0.0.jar:/Users/sunkumar13/.m2/repository/org/graalvm/truffle/truffle-api/21.0.0/truffle-api-21.0.0.jar:/Users/sunkumar13/.m2/repository/com/ibm/icu/icu4j/67.1/icu4j-67.1.jar:/Users/sunkumar13/.m2/repository/ch/qos/logback/logback-classic/1.2.3/logback-classic-1.2.3.jar:/Users/sunkumar13/.m2/repository/ch/qos/logback/logback-core/1.2.3/logback-core-1.2.3.jar:/Users/sunkumar13/.m2/repository/org/slf4j/slf4j-api/1.7.25/slf4j-api-1.7.25.jar:/Users/sunkumar13/.m2/repository/org/slf4j/jcl-over-slf4j/1.7.25/jcl-over-slf4j-1.7.25.jar:/Users/sunkumar13/.m2/repository/com/jayway/jsonpath/json-path/2.5.0/json-path-2.5.0.jar:/Users/sunkumar13/.m2/repository/net/minidev/json-smart/2.3/json-smart-2.3.jar:/Users/sunkumar13/.m2/repository/net/minidev/accessors-smart/1.2/accessors-smart-1.2.jar:/Users/sunkumar13/.m2/repository/org/ow2/asm/asm/5.0.4/asm-5.0.4.jar:/Users/sunkumar13/.m2/repository/info/cukes/cucumber-java/1.2.5/cucumber-java-1.2.5.jar:/Users/sunkumar13/.m2/repository/info/cukes/cucumber-core/1.2.5/cucumber-core-1.2.5.jar:/Users/sunkumar13/.m2/repository/org/yaml/snakeyaml/1.27/snakeyaml-1.27.jar:/Users/sunkumar13/.m2/repository/de/siegmar/fastcsv/1.0.4/fastcsv-1.0.4.jar:/Users/sunkumar13/.m2/repository/info/picocli/picocli/4.5.2/picocli-4.5.2.jar:/Users/sunkumar13/.m2/repository/org/junit/jupiter/junit-jupiter-api/5.7.0/junit-jupiter-api-5.7.0.jar:/Users/sunkumar13/.m2/repository/org/apiguardian/apiguardian-api/1.1.0/apiguardian-api-1.1.0.jar:/Users/sunkumar13/.m2/repository/org/opentest4j/opentest4j/1.2.0/opentest4j-1.2.0.jar:/Users/sunkumar13/.m2/repository/org/junit/platform/junit-platform-commons/1.7.0/junit-platform-commons-1.7.0.jar:/Users/sunkumar13/.m2/repository/org/junit/jupiter/junit-jupiter-engine/5.7.0/junit-jupiter-engine-5.7.0.jar:/Users/sunkumar13/.m2/repository/org/junit/platform/junit-platform-engine/1.7.0/junit-platform-engine-1.7.0.jar:"/>
    <property name="java.vm.vendor" value="Oracle Corporation"/>
    <property name="sun.arch.data.model" value="64"/>
    <property name="java.vendor.url" value="https://openjdk.java.net/"/>
    <property name="os.name" value="Mac OS X"/>
    <property name="java.vm.specification.version" value="15"/>
    <property name="sun.java.launcher" value="SUN_STANDARD"/>
    <property name="user.country" value="GB"/>
    <property name="sun.boot.library.path" value="/usr/local/Cellar/openjdk/15.0.2/libexec/openjdk.jdk/Contents/Home/lib"/>
    <property name="sun.java.command" value="/Users/sunkumar13/Documents/KarateGit/Udemy/KaratePOCProject/target/surefire/surefirebooter18033252931242404564.jar /Users/sunkumar13/Documents/KarateGit/Udemy/KaratePOCProject/target/surefire 2021-04-28T22-58-17_969-jvmRun1 surefire7268316729463207359tmp surefire_010292849424394567736tmp"/>
    <property name="jdk.debug" value="release"/>
    <property name="surefire.test.class.path" value="/Users/sunkumar13/Documents/KarateGit/Udemy/KaratePOCProject/target/test-classes:/Users/sunkumar13/Documents/KarateGit/Udemy/KaratePOCProject/target/classes:/Users/sunkumar13/.m2/repository/com/intuit/karate/karate-junit5/1.0.1/karate-junit5-1.0.1.jar:/Users/sunkumar13/.m2/repository/com/intuit/karate/karate-core/1.0.1/karate-core-1.0.1.jar:/Users/sunkumar13/.m2/repository/org/graalvm/js/js-scriptengine/21.0.0/js-scriptengine-21.0.0.jar:/Users/sunkumar13/.m2/repository/org/graalvm/sdk/graal-sdk/21.0.0/graal-sdk-21.0.0.jar:/Users/sunkumar13/.m2/repository/org/graalvm/js/js/21.0.0/js-21.0.0.jar:/Users/sunkumar13/.m2/repository/org/graalvm/regex/regex/21.0.0/regex-21.0.0.jar:/Users/sunkumar13/.m2/repository/org/graalvm/truffle/truffle-api/21.0.0/truffle-api-21.0.0.jar:/Users/sunkumar13/.m2/repository/com/ibm/icu/icu4j/67.1/icu4j-67.1.jar:/Users/sunkumar13/.m2/repository/ch/qos/logback/logback-classic/1.2.3/logback-classic-1.2.3.jar:/Users/sunkumar13/.m2/repository/ch/qos/logback/logback-core/1.2.3/logback-core-1.2.3.jar:/Users/sunkumar13/.m2/repository/org/slf4j/slf4j-api/1.7.25/slf4j-api-1.7.25.jar:/Users/sunkumar13/.m2/repository/org/slf4j/jcl-over-slf4j/1.7.25/jcl-over-slf4j-1.7.25.jar:/Users/sunkumar13/.m2/repository/com/jayway/jsonpath/json-path/2.5.0/json-path-2.5.0.jar:/Users/sunkumar13/.m2/repository/net/minidev/json-smart/2.3/json-smart-2.3.jar:/Users/sunkumar13/.m2/repository/net/minidev/accessors-smart/1.2/accessors-smart-1.2.jar:/Users/sunkumar13/.m2/repository/org/ow2/asm/asm/5.0.4/asm-5.0.4.jar:/Users/sunkumar13/.m2/repository/info/cukes/cucumber-java/1.2.5/cucumber-java-1.2.5.jar:/Users/sunkumar13/.m2/repository/info/cukes/cucumber-core/1.2.5/cucumber-core-1.2.5.jar:/Users/sunkumar13/.m2/repository/org/yaml/snakeyaml/1.27/snakeyaml-1.27.jar:/Users/sunkumar13/.m2/repository/de/siegmar/fastcsv/1.0.4/fastcsv-1.0.4.jar:/Users/sunkumar13/.m2/repository/info/picocli/picocli/4.5.2/picocli-4.5.2.jar:/Users/sunkumar13/.m2/repository/org/junit/jupiter/junit-jupiter-api/5.7.0/junit-jupiter-api-5.7.0.jar:/Users/sunkumar13/.m2/repository/org/apiguardian/apiguardian-api/1.1.0/apiguardian-api-1.1.0.jar:/Users/sunkumar13/.m2/repository/org/opentest4j/opentest4j/1.2.0/opentest4j-1.2.0.jar:/Users/sunkumar13/.m2/repository/org/junit/platform/junit-platform-commons/1.7.0/junit-platform-commons-1.7.0.jar:/Users/sunkumar13/.m2/repository/org/junit/jupiter/junit-jupiter-engine/5.7.0/junit-jupiter-engine-5.7.0.jar:/Users/sunkumar13/.m2/repository/org/junit/platform/junit-platform-engine/1.7.0/junit-platform-engine-1.7.0.jar:"/>
    <property name="sun.cpu.endian" value="little"/>
    <property name="user.home" value="/Users/sunkumar13"/>
    <property name="user.language" value="en"/>
    <property name="java.specification.vendor" value="Oracle Corporation"/>
    <property name="java.version.date" value="2021-01-19"/>
    <property name="java.home" value="/usr/local/Cellar/openjdk/15.0.2/libexec/openjdk.jdk/Contents/Home"/>
    <property name="file.separator" value="/"/>
    <property name="basedir" value="/Users/sunkumar13/Documents/KarateGit/Udemy/KaratePOCProject"/>
    <property name="java.vm.compressedOopsMode" value="Zero based"/>
    <property name="line.separator" value="&#10;"/>
    <property name="java.vm.specification.vendor" value="Oracle Corporation"/>
    <property name="java.specification.name" value="Java Platform API Specification"/>
    <property name="karate.options" value="--tags @debug"/>
    <property name="surefire.real.class.path" value="/Users/sunkumar13/Documents/KarateGit/Udemy/KaratePOCProject/target/surefire/surefirebooter18033252931242404564.jar"/>
    <property name="sun.management.compiler" value="HotSpot 64-Bit Tiered Compilers"/>
    <property name="java.runtime.version" value="15.0.2+7"/>
    <property name="user.name" value="sunkumar13"/>
    <property name="path.separator" value=":"/>
    <property name="os.version" value="10.15.7"/>
    <property name="java.runtime.name" value="OpenJDK Runtime Environment"/>
    <property name="file.encoding" value="UTF-8"/>
    <property name="java.vm.name" value="OpenJDK 64-Bit Server VM"/>
    <property name="localRepository" value="/Users/sunkumar13/.m2/repository"/>
    <property name="java.vendor.url.bug" value="https://bugreport.java.com/bugreport/"/>
    <property name="java.io.tmpdir" value="/var/folders/9q/2mjj96zj7r368xj7b7bqd3trt27nhr/T/"/>
    <property name="java.version" value="15.0.2"/>
    <property name="user.dir" value="/Users/sunkumar13/Documents/KarateGit/Udemy/KaratePOCProject"/>
    <property name="os.arch" value="x86_64"/>
    <property name="java.vm.specification.name" value="Java Virtual Machine Specification"/>
    <property name="java.library.path" value="/Users/sunkumar13/Library/Java/Extensions:/Library/Java/Extensions:/Network/Library/Java/Extensions:/System/Library/Java/Extensions:/usr/lib/java:."/>
    <property name="java.vm.info" value="mixed mode, sharing"/>
    <property name="java.vendor" value="N/A"/>
    <property name="java.vm.version" value="15.0.2+7"/>
    <property name="sun.io.unicode.encoding" value="UnicodeBig"/>
    <property name="java.class.version" value="59.0"/>
  </properties>
  <testcase name="testAll[1][1]" classname="conduitApp.ConduitTest" time="1.988"/>
  <testcase name="testAll[2][1]" classname="conduitApp.ConduitTest" time="1.532"/>
</testsuite>